<?xml version="1.0" encoding="UTF-8"?>
<robot generator="Robot 5.0.1 (Python 3.10.5 on win32)" generated="20220816 12:00:29.322" rpa="false" schemaversion="3">
<suite id="s1" name="testCase04" source="C:\Users\USER\Desktop\automated-test-cases\Testcase04\testCase04.robot">
<test id="s1-t1" name="Testcase 04 - Verify that add to cart function are working correctly" line="29">
<kw name="Open Website">
<kw name="Open Browser" library="Selenium2Library">
<arg>${url}</arg>
<arg>${browser}</arg>
<doc>Opens a new browser instance to the optional ``url``.</doc>
<msg timestamp="20220816 12:00:29.476" level="INFO">Opening browser 'chrome' to base url 'http://125.26.15.143:13132/'.</msg>
<status status="PASS" starttime="20220816 12:00:29.475" endtime="20220816 12:00:31.083"/>
</kw>
<kw name="Maximize Browser Window" library="Selenium2Library">
<doc>Maximizes current browser window.</doc>
<status status="PASS" starttime="20220816 12:00:31.083" endtime="20220816 12:00:31.200"/>
</kw>
<status status="PASS" starttime="20220816 12:00:29.475" endtime="20220816 12:00:31.200"/>
</kw>
<kw name="Enter Text">
<arg>username</arg>
<arg>${username}</arg>
<kw name="Input Text" library="Selenium2Library">
<arg>id=${locatorId}</arg>
<arg>${InputText}</arg>
<doc>Types the given ``text`` into the text field identified by ``locator``.</doc>
<msg timestamp="20220816 12:00:31.202" level="INFO">Typing text 'oz4899' into text field 'id=username'.</msg>
<status status="PASS" starttime="20220816 12:00:31.202" endtime="20220816 12:00:31.331"/>
</kw>
<kw name="Sleep" library="BuiltIn">
<arg>0.5</arg>
<doc>Pauses the test executed for the given time.</doc>
<msg timestamp="20220816 12:00:31.847" level="INFO">Slept 500 milliseconds</msg>
<status status="PASS" starttime="20220816 12:00:31.331" endtime="20220816 12:00:31.847"/>
</kw>
<status status="PASS" starttime="20220816 12:00:31.201" endtime="20220816 12:00:31.847"/>
</kw>
<kw name="Enter Text">
<arg>password</arg>
<arg>${password}</arg>
<kw name="Input Text" library="Selenium2Library">
<arg>id=${locatorId}</arg>
<arg>${InputText}</arg>
<doc>Types the given ``text`` into the text field identified by ``locator``.</doc>
<msg timestamp="20220816 12:00:31.850" level="INFO">Typing text '1234' into text field 'id=password'.</msg>
<status status="PASS" starttime="20220816 12:00:31.850" endtime="20220816 12:00:31.911"/>
</kw>
<kw name="Sleep" library="BuiltIn">
<arg>0.5</arg>
<doc>Pauses the test executed for the given time.</doc>
<msg timestamp="20220816 12:00:32.420" level="INFO">Slept 500 milliseconds</msg>
<status status="PASS" starttime="20220816 12:00:31.912" endtime="20220816 12:00:32.420"/>
</kw>
<status status="PASS" starttime="20220816 12:00:31.849" endtime="20220816 12:00:32.420"/>
</kw>
<kw name="Click Element" library="Selenium2Library">
<arg>id=loginbtn</arg>
<doc>Click the element identified by ``locator``.</doc>
<msg timestamp="20220816 12:00:32.421" level="INFO">Clicking element 'id=loginbtn'.</msg>
<status status="PASS" starttime="20220816 12:00:32.421" endtime="20220816 12:00:32.458"/>
</kw>
<kw name="Wait Until Page Contains" library="Selenium2Library">
<arg>${textOnHomePage}</arg>
<doc>Waits until ``text`` appears on the current page.</doc>
<status status="PASS" starttime="20220816 12:00:32.458" endtime="20220816 12:00:32.680"/>
</kw>
<status status="PASS" starttime="20220816 12:00:29.475" endtime="20220816 12:00:32.681"/>
</test>
<test id="s1-t2" name="Go First Product and Add One Item To Cart" line="36">
<kw name="Click Element" library="Selenium2Library">
<arg>xpath=//p//span[text()="Doppio CUP"]</arg>
<doc>Click the element identified by ``locator``.</doc>
<msg timestamp="20220816 12:00:32.682" level="INFO">Clicking element 'xpath=//p//span[text()="Doppio CUP"]'.</msg>
<status status="PASS" starttime="20220816 12:00:32.682" endtime="20220816 12:00:33.666"/>
</kw>
<kw name="Add One Item To Cart">
<kw name="Click Element" library="Selenium2Library">
<arg>xpath=//button[text()="Add To Cart"]</arg>
<doc>Click the element identified by ``locator``.</doc>
<msg timestamp="20220816 12:00:33.667" level="INFO">Clicking element 'xpath=//button[text()="Add To Cart"]'.</msg>
<status status="PASS" starttime="20220816 12:00:33.667" endtime="20220816 12:00:33.698"/>
</kw>
<kw name="Sleep" library="BuiltIn">
<arg>0.5</arg>
<doc>Pauses the test executed for the given time.</doc>
<msg timestamp="20220816 12:00:34.204" level="INFO">Slept 500 milliseconds</msg>
<status status="PASS" starttime="20220816 12:00:33.698" endtime="20220816 12:00:34.204"/>
</kw>
<status status="PASS" starttime="20220816 12:00:33.667" endtime="20220816 12:00:34.205"/>
</kw>
<kw name="Element Text Should Be" library="Selenium2Library">
<arg>id:lblCartCount</arg>
<arg>1</arg>
<doc>Verifies that element ``locator`` contains exact the text ``expected``.</doc>
<msg timestamp="20220816 12:00:34.207" level="INFO">Verifying element 'id:lblCartCount' contains exact text '1'.</msg>
<status status="PASS" starttime="20220816 12:00:34.205" endtime="20220816 12:00:34.225"/>
</kw>
<status status="PASS" starttime="20220816 12:00:32.682" endtime="20220816 12:00:34.225"/>
</test>
<test id="s1-t3" name="Increase Five Items To Cart" line="41">
<for flavor="IN RANGE">
<var>${index}</var>
<value>5</value>
<iter>
<var name="${index}">0</var>
<kw name="Add One Item To Cart">
<kw name="Click Element" library="Selenium2Library">
<arg>xpath=//button[text()="Add To Cart"]</arg>
<doc>Click the element identified by ``locator``.</doc>
<msg timestamp="20220816 12:00:34.228" level="INFO">Clicking element 'xpath=//button[text()="Add To Cart"]'.</msg>
<status status="PASS" starttime="20220816 12:00:34.228" endtime="20220816 12:00:34.247"/>
</kw>
<kw name="Sleep" library="BuiltIn">
<arg>0.5</arg>
<doc>Pauses the test executed for the given time.</doc>
<msg timestamp="20220816 12:00:34.748" level="INFO">Slept 500 milliseconds</msg>
<status status="PASS" starttime="20220816 12:00:34.247" endtime="20220816 12:00:34.748"/>
</kw>
<status status="PASS" starttime="20220816 12:00:34.227" endtime="20220816 12:00:34.748"/>
</kw>
<status status="PASS" starttime="20220816 12:00:34.227" endtime="20220816 12:00:34.748"/>
</iter>
<iter>
<var name="${index}">1</var>
<kw name="Add One Item To Cart">
<kw name="Click Element" library="Selenium2Library">
<arg>xpath=//button[text()="Add To Cart"]</arg>
<doc>Click the element identified by ``locator``.</doc>
<msg timestamp="20220816 12:00:34.748" level="INFO">Clicking element 'xpath=//button[text()="Add To Cart"]'.</msg>
<status status="PASS" starttime="20220816 12:00:34.748" endtime="20220816 12:00:34.766"/>
</kw>
<kw name="Sleep" library="BuiltIn">
<arg>0.5</arg>
<doc>Pauses the test executed for the given time.</doc>
<msg timestamp="20220816 12:00:35.279" level="INFO">Slept 500 milliseconds</msg>
<status status="PASS" starttime="20220816 12:00:34.766" endtime="20220816 12:00:35.279"/>
</kw>
<status status="PASS" starttime="20220816 12:00:34.748" endtime="20220816 12:00:35.279"/>
</kw>
<status status="PASS" starttime="20220816 12:00:34.748" endtime="20220816 12:00:35.279"/>
</iter>
<iter>
<var name="${index}">2</var>
<kw name="Add One Item To Cart">
<kw name="Click Element" library="Selenium2Library">
<arg>xpath=//button[text()="Add To Cart"]</arg>
<doc>Click the element identified by ``locator``.</doc>
<msg timestamp="20220816 12:00:35.280" level="INFO">Clicking element 'xpath=//button[text()="Add To Cart"]'.</msg>
<status status="PASS" starttime="20220816 12:00:35.280" endtime="20220816 12:00:35.298"/>
</kw>
<kw name="Sleep" library="BuiltIn">
<arg>0.5</arg>
<doc>Pauses the test executed for the given time.</doc>
<msg timestamp="20220816 12:00:35.809" level="INFO">Slept 500 milliseconds</msg>
<status status="PASS" starttime="20220816 12:00:35.298" endtime="20220816 12:00:35.809"/>
</kw>
<status status="PASS" starttime="20220816 12:00:35.279" endtime="20220816 12:00:35.809"/>
</kw>
<status status="PASS" starttime="20220816 12:00:35.279" endtime="20220816 12:00:35.809"/>
</iter>
<iter>
<var name="${index}">3</var>
<kw name="Add One Item To Cart">
<kw name="Click Element" library="Selenium2Library">
<arg>xpath=//button[text()="Add To Cart"]</arg>
<doc>Click the element identified by ``locator``.</doc>
<msg timestamp="20220816 12:00:35.810" level="INFO">Clicking element 'xpath=//button[text()="Add To Cart"]'.</msg>
<status status="PASS" starttime="20220816 12:00:35.810" endtime="20220816 12:00:35.831"/>
</kw>
<kw name="Sleep" library="BuiltIn">
<arg>0.5</arg>
<doc>Pauses the test executed for the given time.</doc>
<msg timestamp="20220816 12:00:36.344" level="INFO">Slept 500 milliseconds</msg>
<status status="PASS" starttime="20220816 12:00:35.831" endtime="20220816 12:00:36.344"/>
</kw>
<status status="PASS" starttime="20220816 12:00:35.810" endtime="20220816 12:00:36.344"/>
</kw>
<status status="PASS" starttime="20220816 12:00:35.810" endtime="20220816 12:00:36.344"/>
</iter>
<iter>
<var name="${index}">4</var>
<kw name="Add One Item To Cart">
<kw name="Click Element" library="Selenium2Library">
<arg>xpath=//button[text()="Add To Cart"]</arg>
<doc>Click the element identified by ``locator``.</doc>
<msg timestamp="20220816 12:00:36.345" level="INFO">Clicking element 'xpath=//button[text()="Add To Cart"]'.</msg>
<status status="PASS" starttime="20220816 12:00:36.344" endtime="20220816 12:00:36.369"/>
</kw>
<kw name="Sleep" library="BuiltIn">
<arg>0.5</arg>
<doc>Pauses the test executed for the given time.</doc>
<msg timestamp="20220816 12:00:36.874" level="INFO">Slept 500 milliseconds</msg>
<status status="PASS" starttime="20220816 12:00:36.369" endtime="20220816 12:00:36.874"/>
</kw>
<status status="PASS" starttime="20220816 12:00:36.344" endtime="20220816 12:00:36.874"/>
</kw>
<status status="PASS" starttime="20220816 12:00:36.344" endtime="20220816 12:00:36.874"/>
</iter>
<status status="PASS" starttime="20220816 12:00:34.227" endtime="20220816 12:00:36.874"/>
</for>
<kw name="Element Text Should Be" library="Selenium2Library">
<arg>id:lblCartCount</arg>
<arg>6</arg>
<doc>Verifies that element ``locator`` contains exact the text ``expected``.</doc>
<msg timestamp="20220816 12:00:36.876" level="INFO">Verifying element 'id:lblCartCount' contains exact text '6'.</msg>
<status status="PASS" starttime="20220816 12:00:36.874" endtime="20220816 12:00:36.887"/>
</kw>
<status status="PASS" starttime="20220816 12:00:34.226" endtime="20220816 12:00:36.888"/>
</test>
<test id="s1-t4" name="Clear All Cart" line="47">
<kw name="Mouse Over" library="Selenium2Library">
<arg>xpath=//a//i[@class='fas fa-shopping-cart fa-2x']</arg>
<doc>Simulates hovering the mouse over the element ``locator``.</doc>
<msg timestamp="20220816 12:00:36.890" level="INFO">Simulating Mouse Over on element 'xpath=//a//i[@class='fas fa-shopping-cart fa-2x']'.</msg>
<status status="PASS" starttime="20220816 12:00:36.890" endtime="20220816 12:00:37.171"/>
</kw>
<kw name="Wait Until Element Is Visible" library="Selenium2Library">
<arg>xpath=//a//i[@class='fas fa-shopping-cart fa-2x']</arg>
<arg>1s</arg>
<doc>Waits until the element ``locator`` is visible.</doc>
<status status="PASS" starttime="20220816 12:00:37.172" endtime="20220816 12:00:37.187"/>
</kw>
<kw name="Click Element" library="Selenium2Library">
<arg>xpath=//button[text()="Clear All Cart"]</arg>
<doc>Click the element identified by ``locator``.</doc>
<msg timestamp="20220816 12:00:37.188" level="INFO">Clicking element 'xpath=//button[text()="Clear All Cart"]'.</msg>
<status status="PASS" starttime="20220816 12:00:37.187" endtime="20220816 12:00:37.213"/>
</kw>
<kw name="Sleep" library="BuiltIn">
<arg>0.5</arg>
<doc>Pauses the test executed for the given time.</doc>
<msg timestamp="20220816 12:00:37.717" level="INFO">Slept 500 milliseconds</msg>
<status status="PASS" starttime="20220816 12:00:37.214" endtime="20220816 12:00:37.717"/>
</kw>
<kw name="Element Text Should Be" library="Selenium2Library">
<arg>id:lblCartCount</arg>
<arg>0</arg>
<doc>Verifies that element ``locator`` contains exact the text ``expected``.</doc>
<msg timestamp="20220816 12:00:37.719" level="INFO">Verifying element 'id:lblCartCount' contains exact text '0'.</msg>
<status status="PASS" starttime="20220816 12:00:37.718" endtime="20220816 12:00:37.741"/>
</kw>
<status status="PASS" starttime="20220816 12:00:36.889" endtime="20220816 12:00:37.742"/>
</test>
<status status="PASS" starttime="20220816 12:00:29.323" endtime="20220816 12:00:37.744"/>
</suite>
<statistics>
<total>
<stat pass="4" fail="0" skip="0">All Tests</stat>
</total>
<tag>
</tag>
<suite>
<stat pass="4" fail="0" skip="0" id="s1" name="testCase04">testCase04</stat>
</suite>
</statistics>
<errors>
</errors>
</robot>
