<?xml version="1.0" encoding="UTF-8"?>
<robot generator="Robot 5.0.1 (Python 3.10.5 on win32)" generated="20220816 11:48:56.129" rpa="false" schemaversion="3">
<suite id="s1" name="testCase03" source="C:\Users\USER\Desktop\automated-test-cases\Testcase03\testCase03.robot">
<test id="s1-t1" name="Testcase 03 - Verify that search function are working correctly" line="31">
<kw name="Open Website">
<kw name="Open Browser" library="Selenium2Library">
<arg>${url}</arg>
<arg>${browser}</arg>
<doc>Opens a new browser instance to the optional ``url``.</doc>
<msg timestamp="20220816 11:48:56.289" level="INFO">Opening browser 'chrome' to base url 'http://125.26.15.143:13132/'.</msg>
<status status="PASS" starttime="20220816 11:48:56.289" endtime="20220816 11:48:57.991"/>
</kw>
<kw name="Maximize Browser Window" library="Selenium2Library">
<doc>Maximizes current browser window.</doc>
<status status="PASS" starttime="20220816 11:48:57.992" endtime="20220816 11:48:58.114"/>
</kw>
<status status="PASS" starttime="20220816 11:48:56.289" endtime="20220816 11:48:58.114"/>
</kw>
<kw name="Enter Text">
<arg>username</arg>
<arg>${username}</arg>
<kw name="Input Text" library="Selenium2Library">
<arg>id=${locatorId}</arg>
<arg>${InputText}</arg>
<doc>Types the given ``text`` into the text field identified by ``locator``.</doc>
<msg timestamp="20220816 11:48:58.116" level="INFO">Typing text 'oz4899' into text field 'id=username'.</msg>
<status status="PASS" starttime="20220816 11:48:58.115" endtime="20220816 11:48:58.221"/>
</kw>
<kw name="Sleep" library="BuiltIn">
<arg>0.5</arg>
<doc>Pauses the test executed for the given time.</doc>
<msg timestamp="20220816 11:48:58.733" level="INFO">Slept 500 milliseconds</msg>
<status status="PASS" starttime="20220816 11:48:58.221" endtime="20220816 11:48:58.733"/>
</kw>
<status status="PASS" starttime="20220816 11:48:58.115" endtime="20220816 11:48:58.734"/>
</kw>
<kw name="Enter Text">
<arg>password</arg>
<arg>${password}</arg>
<kw name="Input Text" library="Selenium2Library">
<arg>id=${locatorId}</arg>
<arg>${InputText}</arg>
<doc>Types the given ``text`` into the text field identified by ``locator``.</doc>
<msg timestamp="20220816 11:48:58.737" level="INFO">Typing text '1234' into text field 'id=password'.</msg>
<status status="PASS" starttime="20220816 11:48:58.736" endtime="20220816 11:48:58.794"/>
</kw>
<kw name="Sleep" library="BuiltIn">
<arg>0.5</arg>
<doc>Pauses the test executed for the given time.</doc>
<msg timestamp="20220816 11:48:59.295" level="INFO">Slept 500 milliseconds</msg>
<status status="PASS" starttime="20220816 11:48:58.794" endtime="20220816 11:48:59.295"/>
</kw>
<status status="PASS" starttime="20220816 11:48:58.735" endtime="20220816 11:48:59.296"/>
</kw>
<kw name="Click Element" library="Selenium2Library">
<arg>id=loginbtn</arg>
<doc>Click the element identified by ``locator``.</doc>
<msg timestamp="20220816 11:48:59.297" level="INFO">Clicking element 'id=loginbtn'.</msg>
<status status="PASS" starttime="20220816 11:48:59.297" endtime="20220816 11:48:59.333"/>
</kw>
<kw name="Wait Until Page Contains" library="Selenium2Library">
<arg>${textOnHomePage}</arg>
<doc>Waits until ``text`` appears on the current page.</doc>
<status status="PASS" starttime="20220816 11:48:59.333" endtime="20220816 11:48:59.564"/>
</kw>
<status status="PASS" starttime="20220816 11:48:56.288" endtime="20220816 11:48:59.564"/>
</test>
<test id="s1-t2" name="Invalid Search and Check If Search Not Found" line="38">
<kw name="Enter Text and Search">
<arg>keyword</arg>
<arg>abcd</arg>
<arg>searchbtn</arg>
<kw name="Input Text" library="Selenium2Library">
<arg>id=${locatorId}</arg>
<arg>${InputText}</arg>
<doc>Types the given ``text`` into the text field identified by ``locator``.</doc>
<msg timestamp="20220816 11:48:59.568" level="INFO">Typing text 'abcd' into text field 'id=keyword'.</msg>
<status status="PASS" starttime="20220816 11:48:59.568" endtime="20220816 11:48:59.666"/>
</kw>
<kw name="Sleep" library="BuiltIn">
<arg>0.5</arg>
<doc>Pauses the test executed for the given time.</doc>
<msg timestamp="20220816 11:49:00.178" level="INFO">Slept 500 milliseconds</msg>
<status status="PASS" starttime="20220816 11:48:59.666" endtime="20220816 11:49:00.178"/>
</kw>
<kw name="Click Element" library="Selenium2Library">
<arg>id=${searchBtnId}</arg>
<doc>Click the element identified by ``locator``.</doc>
<msg timestamp="20220816 11:49:00.179" level="INFO">Clicking element 'id=searchbtn'.</msg>
<status status="PASS" starttime="20220816 11:49:00.179" endtime="20220816 11:49:00.293"/>
</kw>
<status status="PASS" starttime="20220816 11:48:59.566" endtime="20220816 11:49:00.294"/>
</kw>
<kw name="Element Text Should Be" library="Selenium2Library">
<arg>id:notFound</arg>
<arg>No results found.</arg>
<doc>Verifies that element ``locator`` contains exact the text ``expected``.</doc>
<msg timestamp="20220816 11:49:00.295" level="INFO">Verifying element 'id:notFound' contains exact text 'No results found.'.</msg>
<status status="PASS" starttime="20220816 11:49:00.294" endtime="20220816 11:49:00.321"/>
</kw>
<status status="PASS" starttime="20220816 11:48:59.566" endtime="20220816 11:49:00.321"/>
</test>
<test id="s1-t3" name="Valid Search and Check If Search Found" line="42">
<kw name="Enter Text and Search">
<arg>keyword</arg>
<arg>Shirt</arg>
<arg>searchbtn</arg>
<kw name="Input Text" library="Selenium2Library">
<arg>id=${locatorId}</arg>
<arg>${InputText}</arg>
<doc>Types the given ``text`` into the text field identified by ``locator``.</doc>
<msg timestamp="20220816 11:49:00.324" level="INFO">Typing text 'Shirt' into text field 'id=keyword'.</msg>
<status status="PASS" starttime="20220816 11:49:00.323" endtime="20220816 11:49:00.384"/>
</kw>
<kw name="Sleep" library="BuiltIn">
<arg>0.5</arg>
<doc>Pauses the test executed for the given time.</doc>
<msg timestamp="20220816 11:49:00.892" level="INFO">Slept 500 milliseconds</msg>
<status status="PASS" starttime="20220816 11:49:00.384" endtime="20220816 11:49:00.893"/>
</kw>
<kw name="Click Element" library="Selenium2Library">
<arg>id=${searchBtnId}</arg>
<doc>Click the element identified by ``locator``.</doc>
<msg timestamp="20220816 11:49:00.894" level="INFO">Clicking element 'id=searchbtn'.</msg>
<status status="PASS" starttime="20220816 11:49:00.893" endtime="20220816 11:49:00.995"/>
</kw>
<status status="PASS" starttime="20220816 11:49:00.323" endtime="20220816 11:49:00.995"/>
</kw>
<kw name="Wait Until Page Contains" library="Selenium2Library">
<arg>Doppio Shirt</arg>
<doc>Waits until ``text`` appears on the current page.</doc>
<status status="PASS" starttime="20220816 11:49:00.995" endtime="20220816 11:49:01.013"/>
</kw>
<status status="PASS" starttime="20220816 11:49:00.322" endtime="20220816 11:49:01.014"/>
</test>
<status status="PASS" starttime="20220816 11:48:56.131" endtime="20220816 11:49:01.016"/>
</suite>
<statistics>
<total>
<stat pass="3" fail="0" skip="0">All Tests</stat>
</total>
<tag>
</tag>
<suite>
<stat pass="3" fail="0" skip="0" id="s1" name="testCase03">testCase03</stat>
</suite>
</statistics>
<errors>
</errors>
</robot>
