<?xml version="1.0" encoding="UTF-8"?>
<robot generator="Robot 5.0.1 (Python 3.10.5 on win32)" generated="20220816 11:45:17.462" rpa="false" schemaversion="3">
<suite id="s1" name="testCase01" source="C:\Users\USER\Desktop\automated-test-cases\Testcase01\testCase01.robot">
<test id="s1-t1" name="Testcase 01 - Verify that user cannot login with wrong username" line="24">
<kw name="Open Website">
<kw name="Open Browser" library="Selenium2Library">
<arg>${url}</arg>
<arg>${browser}</arg>
<doc>Opens a new browser instance to the optional ``url``.</doc>
<msg timestamp="20220816 11:45:17.613" level="INFO">Opening browser 'chrome' to base url 'http://125.26.15.143:13132/'.</msg>
<status status="PASS" starttime="20220816 11:45:17.613" endtime="20220816 11:45:18.931"/>
</kw>
<kw name="Maximize Browser Window" library="Selenium2Library">
<doc>Maximizes current browser window.</doc>
<status status="PASS" starttime="20220816 11:45:18.932" endtime="20220816 11:45:19.057"/>
</kw>
<status status="PASS" starttime="20220816 11:45:17.613" endtime="20220816 11:45:19.057"/>
</kw>
<kw name="Enter Text and Delay">
<arg>username</arg>
<arg>${username}</arg>
<kw name="Input Text" library="Selenium2Library">
<arg>id=${locatorId}</arg>
<arg>${InputText}</arg>
<doc>Types the given ``text`` into the text field identified by ``locator``.</doc>
<msg timestamp="20220816 11:45:19.058" level="INFO">Typing text 'helloworld' into text field 'id=username'.</msg>
<status status="PASS" starttime="20220816 11:45:19.058" endtime="20220816 11:45:19.156"/>
</kw>
<kw name="Sleep" library="BuiltIn">
<arg>0.5</arg>
<doc>Pauses the test executed for the given time.</doc>
<msg timestamp="20220816 11:45:19.657" level="INFO">Slept 500 milliseconds</msg>
<status status="PASS" starttime="20220816 11:45:19.156" endtime="20220816 11:45:19.657"/>
</kw>
<status status="PASS" starttime="20220816 11:45:19.058" endtime="20220816 11:45:19.657"/>
</kw>
<kw name="Enter Text and Delay">
<arg>password</arg>
<arg>${password}</arg>
<kw name="Input Text" library="Selenium2Library">
<arg>id=${locatorId}</arg>
<arg>${InputText}</arg>
<doc>Types the given ``text`` into the text field identified by ``locator``.</doc>
<msg timestamp="20220816 11:45:19.660" level="INFO">Typing text '1234' into text field 'id=password'.</msg>
<status status="PASS" starttime="20220816 11:45:19.660" endtime="20220816 11:45:19.720"/>
</kw>
<kw name="Sleep" library="BuiltIn">
<arg>0.5</arg>
<doc>Pauses the test executed for the given time.</doc>
<msg timestamp="20220816 11:45:20.230" level="INFO">Slept 500 milliseconds</msg>
<status status="PASS" starttime="20220816 11:45:19.720" endtime="20220816 11:45:20.230"/>
</kw>
<status status="PASS" starttime="20220816 11:45:19.659" endtime="20220816 11:45:20.230"/>
</kw>
<kw name="Click Element" library="Selenium2Library">
<arg>id=loginbtn</arg>
<doc>Click the element identified by ``locator``.</doc>
<msg timestamp="20220816 11:45:20.232" level="INFO">Clicking element 'id=loginbtn'.</msg>
<status status="PASS" starttime="20220816 11:45:20.232" endtime="20220816 11:45:20.266"/>
</kw>
<kw name="Handle Alert" library="Selenium2Library">
<var>${message}</var>
<doc>Handles the current alert and returns its message.</doc>
<msg timestamp="20220816 11:45:20.266" level="INFO">HANDLE::&lt;class 'NoneType'&gt;::None</msg>
<msg timestamp="20220816 11:45:20.775" level="INFO">${message} = login failed</msg>
<status status="PASS" starttime="20220816 11:45:20.266" endtime="20220816 11:45:20.775"/>
</kw>
<kw name="Should Be Equal" library="BuiltIn">
<arg>${message}</arg>
<arg>login failed</arg>
<doc>Fails if the given objects are unequal.</doc>
<status status="PASS" starttime="20220816 11:45:20.775" endtime="20220816 11:45:20.776"/>
</kw>
<status status="PASS" starttime="20220816 11:45:17.612" endtime="20220816 11:45:20.777"/>
</test>
<status status="PASS" starttime="20220816 11:45:17.463" endtime="20220816 11:45:20.778"/>
</suite>
<statistics>
<total>
<stat pass="1" fail="0" skip="0">All Tests</stat>
</total>
<tag>
</tag>
<suite>
<stat pass="1" fail="0" skip="0" id="s1" name="testCase01">testCase01</stat>
</suite>
</statistics>
<errors>
</errors>
</robot>
