<?xml version="1.0" encoding="UTF-8"?>
<robot generator="Robot 5.0.1 (Python 3.10.5 on win32)" generated="20220816 11:45:58.861" rpa="false" schemaversion="3">
<suite id="s1" name="testCase02" source="C:\Users\USER\Desktop\automated-test-cases\Testcase02\testCase02.robot">
<test id="s1-t1" name="Testcase 02 - Verify that user can login to the system when username are correct" line="25">
<kw name="Open Website">
<kw name="Open Browser" library="Selenium2Library">
<arg>${url}</arg>
<arg>${browser}</arg>
<doc>Opens a new browser instance to the optional ``url``.</doc>
<msg timestamp="20220816 11:45:59.014" level="INFO">Opening browser 'chrome' to base url 'http://125.26.15.143:13132/'.</msg>
<status status="PASS" starttime="20220816 11:45:59.014" endtime="20220816 11:46:00.745"/>
</kw>
<kw name="Maximize Browser Window" library="Selenium2Library">
<doc>Maximizes current browser window.</doc>
<status status="PASS" starttime="20220816 11:46:00.746" endtime="20220816 11:46:00.873"/>
</kw>
<status status="PASS" starttime="20220816 11:45:59.013" endtime="20220816 11:46:00.873"/>
</kw>
<kw name="Enter Text">
<arg>username</arg>
<arg>${username}</arg>
<kw name="Input Text" library="Selenium2Library">
<arg>id=${locatorId}</arg>
<arg>${InputText}</arg>
<doc>Types the given ``text`` into the text field identified by ``locator``.</doc>
<msg timestamp="20220816 11:46:00.879" level="INFO">Typing text 'oz4899' into text field 'id=username'.</msg>
<status status="PASS" starttime="20220816 11:46:00.877" endtime="20220816 11:46:01.003"/>
</kw>
<kw name="Sleep" library="BuiltIn">
<arg>0.5</arg>
<doc>Pauses the test executed for the given time.</doc>
<msg timestamp="20220816 11:46:01.508" level="INFO">Slept 500 milliseconds</msg>
<status status="PASS" starttime="20220816 11:46:01.003" endtime="20220816 11:46:01.508"/>
</kw>
<status status="PASS" starttime="20220816 11:46:00.875" endtime="20220816 11:46:01.508"/>
</kw>
<kw name="Enter Text">
<arg>password</arg>
<arg>${password}</arg>
<kw name="Input Text" library="Selenium2Library">
<arg>id=${locatorId}</arg>
<arg>${InputText}</arg>
<doc>Types the given ``text`` into the text field identified by ``locator``.</doc>
<msg timestamp="20220816 11:46:01.509" level="INFO">Typing text '1234' into text field 'id=password'.</msg>
<status status="PASS" starttime="20220816 11:46:01.509" endtime="20220816 11:46:01.565"/>
</kw>
<kw name="Sleep" library="BuiltIn">
<arg>0.5</arg>
<doc>Pauses the test executed for the given time.</doc>
<msg timestamp="20220816 11:46:02.068" level="INFO">Slept 500 milliseconds</msg>
<status status="PASS" starttime="20220816 11:46:01.566" endtime="20220816 11:46:02.068"/>
</kw>
<status status="PASS" starttime="20220816 11:46:01.508" endtime="20220816 11:46:02.068"/>
</kw>
<kw name="Click Element" library="Selenium2Library">
<arg>id=loginbtn</arg>
<doc>Click the element identified by ``locator``.</doc>
<msg timestamp="20220816 11:46:02.069" level="INFO">Clicking element 'id=loginbtn'.</msg>
<status status="PASS" starttime="20220816 11:46:02.069" endtime="20220816 11:46:02.101"/>
</kw>
<kw name="Wait Until Page Contains" library="Selenium2Library">
<arg>${textOnHomePage}</arg>
<doc>Waits until ``text`` appears on the current page.</doc>
<status status="PASS" starttime="20220816 11:46:02.102" endtime="20220816 11:46:02.320"/>
</kw>
<status status="PASS" starttime="20220816 11:45:59.013" endtime="20220816 11:46:02.321"/>
</test>
<status status="PASS" starttime="20220816 11:45:58.863" endtime="20220816 11:46:02.322"/>
</suite>
<statistics>
<total>
<stat pass="1" fail="0" skip="0">All Tests</stat>
</total>
<tag>
</tag>
<suite>
<stat pass="1" fail="0" skip="0" id="s1" name="testCase02">testCase02</stat>
</suite>
</statistics>
<errors>
</errors>
</robot>
